<?xml version="1.0" encoding="UTF-8"?>
<testsuite name="com.krd.jpa.inheritance.JpaInheritanceApplicationTests" tests="1" skipped="0" failures="0" errors="0" timestamp="2020-02-22T17:14:46" hostname="fidler32-Inspiron-7373" time="0.002">
  <properties/>
  <testcase name="contextLoads()" classname="com.krd.jpa.inheritance.JpaInheritanceApplicationTests" time="0.002"/>
  <system-out><![CDATA[2020-02-22 10:14:46.489  INFO 30690 --- [    Test worker] .b.t.c.SpringBootTestContextBootstrapper : Neither @ContextConfiguration nor @ContextHierarchy found for test class [com.krd.jpa.inheritance.JpaInheritanceApplicationTests], using SpringBootContextLoader
2020-02-22 10:14:46.490  INFO 30690 --- [    Test worker] o.s.t.c.support.AbstractContextLoader    : Could not detect default resource locations for test class [com.krd.jpa.inheritance.JpaInheritanceApplicationTests]: no resource found for suffixes {-context.xml, Context.groovy}.
2020-02-22 10:14:46.490  INFO 30690 --- [    Test worker] t.c.s.AnnotationConfigContextLoaderUtils : Could not detect default configuration classes for test class [com.krd.jpa.inheritance.JpaInheritanceApplicationTests]: JpaInheritanceApplicationTests does not declare any static, non-private, non-final, nested classes annotated with @Configuration.
2020-02-22 10:14:46.493  INFO 30690 --- [    Test worker] .b.t.c.SpringBootTestContextBootstrapper : Found @SpringBootConfiguration com.krd.jpa.inheritance.JpaInheritanceApplication for test class com.krd.jpa.inheritance.JpaInheritanceApplicationTests
2020-02-22 10:14:46.494  INFO 30690 --- [    Test worker] .b.t.c.SpringBootTestContextBootstrapper : Loaded default TestExecutionListener class names from location [META-INF/spring.factories]: [org.springframework.boot.test.autoconfigure.restdocs.RestDocsTestExecutionListener, org.springframework.boot.test.autoconfigure.web.client.MockRestServiceServerResetTestExecutionListener, org.springframework.boot.test.autoconfigure.web.servlet.MockMvcPrintOnlyOnFailureTestExecutionListener, org.springframework.boot.test.autoconfigure.web.servlet.WebDriverTestExecutionListener, org.springframework.boot.test.mock.mockito.MockitoTestExecutionListener, org.springframework.boot.test.mock.mockito.ResetMocksTestExecutionListener, org.springframework.test.context.web.ServletTestExecutionListener, org.springframework.test.context.support.DirtiesContextBeforeModesTestExecutionListener, org.springframework.test.context.support.DependencyInjectionTestExecutionListener, org.springframework.test.context.support.DirtiesContextTestExecutionListener, org.springframework.test.context.transaction.TransactionalTestExecutionListener, org.springframework.test.context.jdbc.SqlScriptsTestExecutionListener, org.springframework.test.context.event.EventPublishingTestExecutionListener]
2020-02-22 10:14:46.494  INFO 30690 --- [    Test worker] .b.t.c.SpringBootTestContextBootstrapper : Using TestExecutionListeners: [org.springframework.test.context.web.ServletTestExecutionListener@1eb008f6, org.springframework.test.context.support.DirtiesContextBeforeModesTestExecutionListener@133163e1, org.springframework.boot.test.mock.mockito.MockitoTestExecutionListener@7e4de98a, org.springframework.boot.test.autoconfigure.SpringBootDependencyInjectionTestExecutionListener@1d050c79, org.springframework.test.context.support.DirtiesContextTestExecutionListener@3ec4097, org.springframework.test.context.transaction.TransactionalTestExecutionListener@1bda0560, org.springframework.test.context.jdbc.SqlScriptsTestExecutionListener@acabe28, org.springframework.test.context.event.EventPublishingTestExecutionListener@3f991dcc, org.springframework.boot.test.autoconfigure.restdocs.RestDocsTestExecutionListener@5e100a50, org.springframework.boot.test.autoconfigure.web.client.MockRestServiceServerResetTestExecutionListener@152af5f7, org.springframework.boot.test.autoconfigure.web.servlet.MockMvcPrintOnlyOnFailureTestExecutionListener@4a4e2284, org.springframework.boot.test.autoconfigure.web.servlet.WebDriverTestExecutionListener@3dce317c, org.springframework.boot.test.mock.mockito.ResetMocksTestExecutionListener@6352fe1f]
]]></system-out>
  <system-err><![CDATA[]]></system-err>
</testsuite>
